0 info it worked if it ends with ok
1 verbose cli [ 'node',
1 verbose cli   'N:\\npm\\node_modules\\npm\\bin\\npm-cli.js',
1 verbose cli   'install',
1 verbose cli   'helpers' ]
2 info using npm@1.2.3
3 info using node@v0.8.15
4 verbose read json Z:\node-helpers\package.json
5 verbose read json Z:\node-helpers\package.json
6 verbose cache add [ 'helpers', null ]
7 verbose cache add name=undefined spec="helpers" args=["helpers",null]
8 verbose parsed url { pathname: 'helpers', path: 'helpers', href: 'helpers' }
9 silly lockFile 43a62a8c-helpers helpers
10 verbose lock helpers C:\Users\Nathan\AppData\Roaming\npm-cache\43a62a8c-helpers.lock
11 silly lockFile 43a62a8c-helpers helpers
12 verbose addNamed [ 'helpers', '' ]
13 verbose addNamed [ null, '' ]
14 silly lockFile a174c35b-helpers helpers@
15 verbose lock helpers@ C:\Users\Nathan\AppData\Roaming\npm-cache\a174c35b-helpers.lock
16 silly addNameRange { name: 'helpers', range: '', hasData: false }
17 verbose url raw helpers
18 verbose url resolving [ 'https://registry.npmjs.org/', './helpers' ]
19 verbose url resolved https://registry.npmjs.org/helpers
20 info trying registry request attempt 1 at 23:56:51
21 http GET https://registry.npmjs.org/helpers
22 http 404 https://registry.npmjs.org/helpers
23 silly registry.get cb [ 404,
23 silly registry.get   { server: 'CouchDB/1.2.1 (Erlang OTP/R15B03)',
23 silly registry.get     date: 'Tue, 26 Feb 2013 05:56:53 GMT',
23 silly registry.get     'content-type': 'application/json',
23 silly registry.get     'content-length': '52',
23 silly registry.get     'cache-control': 'must-revalidate' } ]
24 silly lockFile a174c35b-helpers helpers@
25 error 404 'helpers' is not in the npm registry.
25 error 404 You should bug the author to publish it
25 error 404
25 error 404 Note that you can also install from a
25 error 404 tarball, folder, or http url, or git url.
26 error System Windows_NT 6.1.7601
27 error command "node" "N:\\npm\\node_modules\\npm\\bin\\npm-cli.js" "install" "helpers"
28 error cwd Z:\node-helpers
29 error node -v v0.8.15
30 error npm -v 1.2.3
31 error code E404
32 verbose exit [ 1, true ]
